openjdk version "21.0.9" 2025-10-21
OpenJDK Runtime Environment (build 21.0.9+10-Ubuntu-124.04)
OpenJDK 64-Bit Server VM (build 21.0.9+10-Ubuntu-124.04, mixed mode)
INFO  Using log config file: jar:file:/opt/ghidra_12.0.1_PUBLIC/Ghidra/Framework/Generic/lib/Generic.jar!/generic.log4j.xml (LoggingInitialization)  
INFO  Using log file: /root/.config/ghidra/ghidra_12.0.1_PUBLIC/application.log (LoggingInitialization)  
INFO  Loading user preferences: /root/.config/ghidra/ghidra_12.0.1_PUBLIC/preferences (Preferences)  
INFO  Searching for classes... (ClassSearcher)  
INFO  Class search complete (1093 ms) (ClassSearcher)  
INFO  Initializing SSL Context (DefaultSSLContextInitializer)  
INFO  Initializing Random Number Generator... (SecureRandomFactory)  
INFO  Random Number Generator initialization complete: NativePRNGNonBlocking (SecureRandomFactory)  
INFO  Trust manager disabled, cacerts have not been set (DefaultTrustManagerFactory)  
INFO  Starting cache cleanup: /var/tmp/root-ghidra/fscache2 (FileCacheMaintenanceDaemon)  
INFO  Finished cache cleanup, estimated storage used: 0 (FileCacheMaintenanceDaemon)  
INFO  Headless startup complete (13458 ms) (AnalyzeHeadless)  
INFO  Class searcher loaded 58 extension points (18 false positives) (ClassSearcher)  
INFO  HEADLESS Script Paths:
    /opt/ghidra_12.0.1_PUBLIC/Ghidra/Debug/Debugger/ghidra_scripts
    /opt/ghidra_12.0.1_PUBLIC/Ghidra/Features/Base/ghidra_scripts
    /opt/ghidra_12.0.1_PUBLIC/Ghidra/Processors/JVM/ghidra_scripts
    /opt/ghidra_12.0.1_PUBLIC/Ghidra/Features/WildcardAssembler/ghidra_scripts
    /opt/ghidra_12.0.1_PUBLIC/Ghidra/Processors/PIC/ghidra_scripts
    /opt/ghidra_12.0.1_PUBLIC/Ghidra/Features/GnuDemangler/ghidra_scripts
    /opt/ghidra_12.0.1_PUBLIC/Ghidra/Features/SystemEmulation/ghidra_scripts
    /opt/ghidra_12.0.1_PUBLIC/Ghidra/Features/FileFormats/ghidra_scripts
    /opt/ghidra_12.0.1_PUBLIC/Ghidra/Features/BytePatterns/ghidra_scripts
    /opt/ghidra_12.0.1_PUBLIC/Ghidra/Features/Jython/ghidra_scripts
    /opt/ghidra_12.0.1_PUBLIC/Ghidra/Features/MicrosoftCodeAnalyzer/ghidra_scripts
    /opt/ghidra_12.0.1_PUBLIC/Ghidra/Features/VersionTracking/ghidra_scripts
    /opt/ghidra_12.0.1_PUBLIC/Ghidra/Processors/DATA/ghidra_scripts
    /opt/ghidra_12.0.1_PUBLIC/Ghidra/Debug/Debugger-rmi-trace/ghidra_scripts
    /opt/ghidra_12.0.1_PUBLIC/Ghidra/Features/BSim/ghidra_scripts
    /opt/ghidra_12.0.1_PUBLIC/Ghidra/Processors/8051/ghidra_scripts
    /opt/ghidra_12.0.1_PUBLIC/Ghidra/Features/DecompilerDependent/ghidra_scripts
    /opt/ghidra_12.0.1_PUBLIC/Ghidra/Features/PyGhidra/ghidra_scripts
    /opt/ghidra_12.0.1_PUBLIC/Ghidra/Features/PDB/ghidra_scripts
    /opt/ghidra_12.0.1_PUBLIC/Ghidra/Features/SwiftDemangler/ghidra_scripts
    /opt/ghidra_12.0.1_PUBLIC/Ghidra/Features/Decompiler/ghidra_scripts
    /opt/ghidra_12.0.1_PUBLIC/Ghidra/Features/FunctionID/ghidra_scripts
    /opt/ghidra_12.0.1_PUBLIC/Ghidra/Processors/Atmel/ghidra_scripts (HeadlessAnalyzer)  
INFO  HEADLESS: execution starts (HeadlessAnalyzer)  
INFO  Creating temporary project: /tmp/TVN_Analysis (HeadlessAnalyzer)  
INFO  Creating project: /tmp/TVN_Analysis (DefaultProject)  
INFO  REPORT: Processing input files:  (HeadlessAnalyzer)  
INFO       project: /tmp/TVN_Analysis (HeadlessAnalyzer)  
INFO  IMPORTING: file:///home/user/Recherches/DOCS/europeo.exe (HeadlessAnalyzer)  
INFO  Using Loader: Portable Executable (PE) (ProgramLoader)  
INFO  Using Language/Compiler: x86:LE:32:default:borlanddelphi (ProgramLoader)  
INFO  Using Library Search Path: [., /bin, /lib, /lib64, /lib/x86_64-linux-gnu, /lib/aarch64-linux-gnu, /usr/bin, /usr/lib, /usr/X11R6/bin, /usr/X11R6/lib, /usr/java/packages/lib, /usr/lib/x86_64-linux-gnu/jni, /usr/lib/x86_64-linux-gnu, /usr/lib/jni] (ProgramLoader)  
INFO  TLS callbacks at 0 (TLSDirectory)  
INFO  Additional info:
Loading file:///home/user/Recherches/DOCS/europeo.exe?MD5=78ef3b9a6252cd130e87d071d3940e54...
------------------------------------------------

Searching 8 paths for library ADVAPI32.DLL...
Library not found.
------------------------------------------------

Searching 8 paths for library BDS52T.DLL...
Library not found.
------------------------------------------------

Searching 8 paths for library CW3230MT.DLL...
Library not found.
------------------------------------------------

Searching 8 paths for library DDRAW.DLL...
Library not found.
------------------------------------------------

Searching 8 paths for library GDI32.DLL...
Library not found.
------------------------------------------------

Searching 8 paths for library KERNEL32.DLL...
Library not found.
------------------------------------------------

Searching 8 paths for library OLE32.DLL...
Library not found.
------------------------------------------------

Searching 8 paths for library OWL52T.DLL...
Library not found.
------------------------------------------------

Searching 8 paths for library SHELL32.DLL...
Library not found.
------------------------------------------------

Searching 8 paths for library USER32.DLL...
Library not found.
------------------------------------------------

Searching 8 paths for library VERSION.DLL...
Library not found.
------------------------------------------------

Searching 8 paths for library VNDLLAPI.DLL...
Library not found.
------------------------------------------------

Searching 8 paths for library WINMM.DLL...
Library not found.
------------------------------------------------

Linking the External Programs of 'europeo.exe' to imported libraries...
  [CW3230MT.DLL] -> not found in project
  [KERNEL32.DLL] -> not found in project
  [SHELL32.DLL] -> not found in project
  [BDS52T.DLL] -> not found in project
  [USER32.DLL] -> not found in project
  [OWL52T.DLL] -> not found in project
  [GDI32.DLL] -> not found in project
  [WINMM.DLL] -> not found in project
  [DDRAW.DLL] -> not found in project
  [VERSION.DLL] -> not found in project
  [ADVAPI32.DLL] -> not found in project
  [VNDLLAPI.DLL] -> not found in project
  [OLE32.DLL] -> not found in project
------------------------------------------------

 (ProgramLoader)  
INFO  IMPORTING: Loaded 0 additional files (HeadlessAnalyzer)  
INFO  ANALYZING all memory and code: file:///home/user/Recherches/DOCS/europeo.exe (HeadlessAnalyzer)  
WARN  Ignoring leading '_' chars on no-return name '___raise_securityfailure' specified in file: /opt/ghidra_12.0.1_PUBLIC/Ghidra/Features/Base/data/PEFunctionsThatDoNotReturn (NoReturnFunctionAnalyzer)  
WARN  Ignoring leading '_' chars on no-return name '___report_rangecheckfailure' specified in file: /opt/ghidra_12.0.1_PUBLIC/Ghidra/Features/Base/data/PEFunctionsThatDoNotReturn (NoReturnFunctionAnalyzer)  
INFO  Skipping PDB processing: missing PDB information in program metadata (PdbUniversalAnalyzer)  
INFO  hit non-returning function, restarting decompiler switch analyzer later (DecompilerSwitchAnalyzer)  
INFO  Packed database cache: /var/tmp/root-ghidra/packed-db-cache (PackedDatabaseCache)  
INFO  Applied data type archive: windows_vs12_32 (ApplyDataArchiveAnalyzer)  
INFO  -----------------------------------------------------
    ASCII Strings                              0.711 secs
    Apply Data Archives                        2.132 secs
    Call Convention ID                         0.005 secs
    Call-Fixup Installer                       0.050 secs
    Create Address Tables                      0.207 secs
    Create Address Tables - One Time           0.124 secs
    Create Function                            0.382 secs
    Data Reference                             0.260 secs
    Decompiler Parameter ID                    6.777 secs
    Decompiler Switch Analysis                 9.149 secs
    Decompiler Switch Analysis - One Time      0.000 secs
    Demangler GNU                              0.097 secs
    Demangler Microsoft                        0.034 secs
    Disassemble                                0.473 secs
    Disassemble Entry Points                   0.106 secs
    Disassemble Entry Points - One Time        0.002 secs
    Embedded Media                             0.040 secs
    External Entry References                  0.000 secs
    Function ID                                4.105 secs
    Function Start Search                      0.062 secs
    Function Start Search After Code           0.049 secs
    Non-Returning Functions - Discovered       0.130 secs
    Non-Returning Functions - Known            0.030 secs
    PDB Universal                              0.003 secs
    Reference                                  0.293 secs
    Scalar Operand References                  0.613 secs
    Shared Return Calls                        0.125 secs
    Stack                                      3.433 secs
    Subroutine References                      0.971 secs
    Subroutine References - One Time           0.000 secs
    WindowsResourceReference                   4.365 secs
    X86 Function Callee Purge                  0.078 secs
    x86 Constant Reference Analyzer            2.705 secs
-----------------------------------------------------
     Total Time   37 secs
-----------------------------------------------------
 (AutoAnalysisManager)  
INFO  REPORT: Analysis succeeded for file: file:///home/user/Recherches/DOCS/europeo.exe (HeadlessAnalyzer)  
INFO  REPORT: Execute script: extract_tvn_vtables_ghidra.py  (HeadlessAnalyzer)  
ERROR REPORT SCRIPT ERROR: extract_tvn_vtables_ghidra.py : Ghidra was not started with PyGhidra. Python is not available (HeadlessAnalyzer) ghidra.app.script.GhidraScriptLoadException: Ghidra was not started with PyGhidra. Python is not available
	at ghidra.pyghidra.PyGhidraScriptProvider.getScriptInstance(PyGhidraScriptProvider.java:75)
	at ghidra.app.util.headless.HeadlessAnalyzer.runScriptsList(HeadlessAnalyzer.java:924)
	at ghidra.app.util.headless.HeadlessAnalyzer.analyzeProgram(HeadlessAnalyzer.java:1086)
	at ghidra.app.util.headless.HeadlessAnalyzer.processFileWithImport(HeadlessAnalyzer.java:1584)
	at ghidra.app.util.headless.HeadlessAnalyzer.processWithLoader(HeadlessAnalyzer.java:1744)
	at ghidra.app.util.headless.HeadlessAnalyzer.processWithImport(HeadlessAnalyzer.java:1685)
	at ghidra.app.util.headless.HeadlessAnalyzer.processWithImport(HeadlessAnalyzer.java:1769)
	at ghidra.app.util.headless.HeadlessAnalyzer.processLocal(HeadlessAnalyzer.java:462)
	at ghidra.app.util.headless.AnalyzeHeadless.launch(AnalyzeHeadless.java:199)
	at ghidra.GhidraLauncher.launch(GhidraLauncher.java:81)
	at ghidra.Ghidra.main(Ghidra.java:54)
 
INFO  ANALYZING changes made by post scripts: file:///home/user/Recherches/DOCS/europeo.exe (HeadlessAnalyzer)  
INFO  REPORT: Post-analysis succeeded for file: file:///home/user/Recherches/DOCS/europeo.exe (HeadlessAnalyzer)  
INFO  /europeo.exe: file created (root) (LocalFileSystem)  
INFO  REPORT: Save succeeded for: /europeo.exe (TVN_Analysis:/europeo.exe) (HeadlessAnalyzer)  
INFO  REPORT: Import succeeded (HeadlessAnalyzer)  
openjdk version "21.0.9" 2025-10-21
OpenJDK Runtime Environment (build 21.0.9+10-Ubuntu-124.04)
OpenJDK 64-Bit Server VM (build 21.0.9+10-Ubuntu-124.04, mixed mode)
INFO  Using log config file: jar:file:/opt/ghidra_12.0.1_PUBLIC/Ghidra/Framework/Generic/lib/Generic.jar!/generic.log4j.xml (LoggingInitialization)  
INFO  Using log file: /root/.config/ghidra/ghidra_12.0.1_PUBLIC/application.log (LoggingInitialization)  
INFO  Loading user preferences: /root/.config/ghidra/ghidra_12.0.1_PUBLIC/preferences (Preferences)  
INFO  Searching for classes... (ClassSearcher)  
INFO  Class search complete (1050 ms) (ClassSearcher)  
INFO  Initializing SSL Context (DefaultSSLContextInitializer)  
INFO  Initializing Random Number Generator... (SecureRandomFactory)  
INFO  Random Number Generator initialization complete: NativePRNGNonBlocking (SecureRandomFactory)  
INFO  Trust manager disabled, cacerts have not been set (DefaultTrustManagerFactory)  
INFO  Headless startup complete (3429 ms) (AnalyzeHeadless)  
INFO  Class searcher loaded 58 extension points (18 false positives) (ClassSearcher)  
INFO  HEADLESS Script Paths:
    /opt/ghidra_12.0.1_PUBLIC/Ghidra/Debug/Debugger/ghidra_scripts
    /opt/ghidra_12.0.1_PUBLIC/Ghidra/Features/Base/ghidra_scripts
    /opt/ghidra_12.0.1_PUBLIC/Ghidra/Processors/PIC/ghidra_scripts
    /opt/ghidra_12.0.1_PUBLIC/Ghidra/Features/VersionTracking/ghidra_scripts
    /opt/ghidra_12.0.1_PUBLIC/Ghidra/Features/DecompilerDependent/ghidra_scripts
    /opt/ghidra_12.0.1_PUBLIC/Ghidra/Features/PDB/ghidra_scripts
    /opt/ghidra_12.0.1_PUBLIC/Ghidra/Processors/JVM/ghidra_scripts
    /opt/ghidra_12.0.1_PUBLIC/Ghidra/Features/WildcardAssembler/ghidra_scripts
    /opt/ghidra_12.0.1_PUBLIC/Ghidra/Features/GnuDemangler/ghidra_scripts
    /opt/ghidra_12.0.1_PUBLIC/Ghidra/Features/SystemEmulation/ghidra_scripts
    /opt/ghidra_12.0.1_PUBLIC/Ghidra/Features/FileFormats/ghidra_scripts
    /opt/ghidra_12.0.1_PUBLIC/Ghidra/Features/BytePatterns/ghidra_scripts
    /opt/ghidra_12.0.1_PUBLIC/Ghidra/Features/Jython/ghidra_scripts
    /opt/ghidra_12.0.1_PUBLIC/Ghidra/Features/MicrosoftCodeAnalyzer/ghidra_scripts
    /opt/ghidra_12.0.1_PUBLIC/Ghidra/Processors/DATA/ghidra_scripts
    /opt/ghidra_12.0.1_PUBLIC/Ghidra/Debug/Debugger-rmi-trace/ghidra_scripts
    /opt/ghidra_12.0.1_PUBLIC/Ghidra/Features/BSim/ghidra_scripts
    /opt/ghidra_12.0.1_PUBLIC/Ghidra/Processors/8051/ghidra_scripts
    /opt/ghidra_12.0.1_PUBLIC/Ghidra/Features/PyGhidra/ghidra_scripts
    /opt/ghidra_12.0.1_PUBLIC/Ghidra/Features/SwiftDemangler/ghidra_scripts
    /home/user/Recherches
    /opt/ghidra_12.0.1_PUBLIC/Ghidra/Features/Decompiler/ghidra_scripts
    /opt/ghidra_12.0.1_PUBLIC/Ghidra/Features/FunctionID/ghidra_scripts
    /opt/ghidra_12.0.1_PUBLIC/Ghidra/Processors/Atmel/ghidra_scripts (HeadlessAnalyzer)  
INFO  HEADLESS: execution starts (HeadlessAnalyzer)  
INFO  Creating temporary project: /tmp/TVN_Analysis (HeadlessAnalyzer)  
INFO  Creating project: /tmp/TVN_Analysis (DefaultProject)  
INFO  REPORT: Processing input files:  (HeadlessAnalyzer)  
INFO       project: /tmp/TVN_Analysis (HeadlessAnalyzer)  
INFO  IMPORTING: file:///home/user/Recherches/DOCS/europeo.exe (HeadlessAnalyzer)  
INFO  Using Loader: Portable Executable (PE) (ProgramLoader)  
INFO  Using Language/Compiler: x86:LE:32:default:borlanddelphi (ProgramLoader)  
INFO  Using Library Search Path: [., /bin, /lib, /lib64, /lib/x86_64-linux-gnu, /lib/aarch64-linux-gnu, /usr/bin, /usr/lib, /usr/X11R6/bin, /usr/X11R6/lib, /usr/java/packages/lib, /usr/lib/x86_64-linux-gnu/jni, /usr/lib/x86_64-linux-gnu, /usr/lib/jni] (ProgramLoader)  
INFO  TLS callbacks at 0 (TLSDirectory)  
INFO  Additional info:
Loading file:///home/user/Recherches/DOCS/europeo.exe?MD5=78ef3b9a6252cd130e87d071d3940e54...
------------------------------------------------

Searching 8 paths for library ADVAPI32.DLL...
Library not found.
------------------------------------------------

Searching 8 paths for library BDS52T.DLL...
Library not found.
------------------------------------------------

Searching 8 paths for library CW3230MT.DLL...
Library not found.
------------------------------------------------

Searching 8 paths for library DDRAW.DLL...
Library not found.
------------------------------------------------

Searching 8 paths for library GDI32.DLL...
Library not found.
------------------------------------------------

Searching 8 paths for library KERNEL32.DLL...
Library not found.
------------------------------------------------

Searching 8 paths for library OLE32.DLL...
Library not found.
------------------------------------------------

Searching 8 paths for library OWL52T.DLL...
Library not found.
------------------------------------------------

Searching 8 paths for library SHELL32.DLL...
Library not found.
------------------------------------------------

Searching 8 paths for library USER32.DLL...
Library not found.
------------------------------------------------

Searching 8 paths for library VERSION.DLL...
Library not found.
------------------------------------------------

Searching 8 paths for library VNDLLAPI.DLL...
Library not found.
------------------------------------------------

Searching 8 paths for library WINMM.DLL...
Library not found.
------------------------------------------------

Linking the External Programs of 'europeo.exe' to imported libraries...
  [CW3230MT.DLL] -> not found in project
  [KERNEL32.DLL] -> not found in project
  [SHELL32.DLL] -> not found in project
  [BDS52T.DLL] -> not found in project
  [USER32.DLL] -> not found in project
  [OWL52T.DLL] -> not found in project
  [GDI32.DLL] -> not found in project
  [WINMM.DLL] -> not found in project
  [DDRAW.DLL] -> not found in project
  [VERSION.DLL] -> not found in project
  [ADVAPI32.DLL] -> not found in project
  [VNDLLAPI.DLL] -> not found in project
  [OLE32.DLL] -> not found in project
------------------------------------------------

 (ProgramLoader)  
INFO  IMPORTING: Loaded 0 additional files (HeadlessAnalyzer)  
INFO  ANALYZING all memory and code: file:///home/user/Recherches/DOCS/europeo.exe (HeadlessAnalyzer)  
WARN  Ignoring leading '_' chars on no-return name '___raise_securityfailure' specified in file: /opt/ghidra_12.0.1_PUBLIC/Ghidra/Features/Base/data/PEFunctionsThatDoNotReturn (NoReturnFunctionAnalyzer)  
WARN  Ignoring leading '_' chars on no-return name '___report_rangecheckfailure' specified in file: /opt/ghidra_12.0.1_PUBLIC/Ghidra/Features/Base/data/PEFunctionsThatDoNotReturn (NoReturnFunctionAnalyzer)  
INFO  Skipping PDB processing: missing PDB information in program metadata (PdbUniversalAnalyzer)  
INFO  hit non-returning function, restarting decompiler switch analyzer later (DecompilerSwitchAnalyzer)  
INFO  Packed database cache: /var/tmp/root-ghidra/packed-db-cache (PackedDatabaseCache)  
INFO  Applied data type archive: windows_vs12_32 (ApplyDataArchiveAnalyzer)  
INFO  -----------------------------------------------------
    ASCII Strings                              0.615 secs
    Apply Data Archives                        0.986 secs
    Call Convention ID                         0.004 secs
    Call-Fixup Installer                       0.045 secs
    Create Address Tables                      0.140 secs
    Create Address Tables - One Time           0.176 secs
    Create Function                            0.360 secs
    Data Reference                             0.256 secs
    Decompiler Parameter ID                    6.698 secs
    Decompiler Switch Analysis                 9.134 secs
    Decompiler Switch Analysis - One Time      0.000 secs
    Demangler GNU                              0.100 secs
    Demangler Microsoft                        0.036 secs
    Disassemble                                0.465 secs
    Disassemble Entry Points                   0.090 secs
    Disassemble Entry Points - One Time        0.003 secs
    Embedded Media                             0.045 secs
    External Entry References                  0.001 secs
    Function ID                                0.384 secs
    Function Start Search                      0.055 secs
    Function Start Search After Code           0.054 secs
    Non-Returning Functions - Discovered       0.134 secs
    Non-Returning Functions - Known            0.028 secs
    PDB Universal                              0.002 secs
    Reference                                  0.249 secs
    Scalar Operand References                  0.572 secs
    Shared Return Calls                        0.111 secs
    Stack                                      3.423 secs
    Subroutine References                      0.771 secs
    Subroutine References - One Time           0.000 secs
    WindowsResourceReference                   1.035 secs
    X86 Function Callee Purge                  0.088 secs
    x86 Constant Reference Analyzer            2.884 secs
-----------------------------------------------------
     Total Time   28 secs
-----------------------------------------------------
 (AutoAnalysisManager)  
INFO  REPORT: Analysis succeeded for file: file:///home/user/Recherches/DOCS/europeo.exe (HeadlessAnalyzer)  
INFO  REPORT: Execute script: ExtractTVNVtables.java  (HeadlessAnalyzer)  
ExtractTVNVtables.java:62: error: bad operand types for binary operator '*'
        println("="*100);
                   ^
  first type:  java.lang.String
  second type: int
ExtractTVNVtables.java:64: error: bad operand types for binary operator '*'
        println("="*100);
                   ^
  first type:  java.lang.String
  second type: int
skipping /home/user/Recherches/ExtractTVNVtables.java
ERROR REPORT SCRIPT ERROR: ExtractTVNVtables.java : The class could not be found. It must be the public class of the .java file: ExtractTVNVtables not found by 542443b [2] (HeadlessAnalyzer) ghidra.app.script.GhidraScriptLoadException: The class could not be found. It must be the public class of the .java file: ExtractTVNVtables not found by 542443b [2]
	at ghidra.app.script.JavaScriptProvider.getScriptInstance(JavaScriptProvider.java:114)
	at ghidra.app.util.headless.HeadlessAnalyzer.runScriptsList(HeadlessAnalyzer.java:924)
	at ghidra.app.util.headless.HeadlessAnalyzer.analyzeProgram(HeadlessAnalyzer.java:1086)
	at ghidra.app.util.headless.HeadlessAnalyzer.processFileWithImport(HeadlessAnalyzer.java:1584)
	at ghidra.app.util.headless.HeadlessAnalyzer.processWithLoader(HeadlessAnalyzer.java:1744)
	at ghidra.app.util.headless.HeadlessAnalyzer.processWithImport(HeadlessAnalyzer.java:1685)
	at ghidra.app.util.headless.HeadlessAnalyzer.processWithImport(HeadlessAnalyzer.java:1769)
	at ghidra.app.util.headless.HeadlessAnalyzer.processLocal(HeadlessAnalyzer.java:462)
	at ghidra.app.util.headless.AnalyzeHeadless.launch(AnalyzeHeadless.java:199)
	at ghidra.GhidraLauncher.launch(GhidraLauncher.java:81)
	at ghidra.Ghidra.main(Ghidra.java:54)
Caused by: java.lang.ClassNotFoundException: ExtractTVNVtables not found by 542443b [2]
	at org.apache.felix.framework.BundleWiringImpl.findClassOrResourceByDelegation(BundleWiringImpl.java:1591)
	at org.apache.felix.framework.BundleWiringImpl.access$300(BundleWiringImpl.java:79)
	at org.apache.felix.framework.BundleWiringImpl$BundleClassLoader.loadClass(BundleWiringImpl.java:1976)
	at java.base/java.lang.ClassLoader.loadClass(ClassLoader.java:526)
	at org.apache.felix.framework.Felix.loadBundleClass(Felix.java:2116)
	at org.apache.felix.framework.BundleImpl.loadClass(BundleImpl.java:986)
	at ghidra.app.script.JavaScriptProvider.loadClass(JavaScriptProvider.java:166)
	at ghidra.app.script.JavaScriptProvider.getScriptInstance(JavaScriptProvider.java:97)
	... 10 more
 
INFO  ANALYZING changes made by post scripts: file:///home/user/Recherches/DOCS/europeo.exe (HeadlessAnalyzer)  
INFO  REPORT: Post-analysis succeeded for file: file:///home/user/Recherches/DOCS/europeo.exe (HeadlessAnalyzer)  
INFO  /europeo.exe: file created (root) (LocalFileSystem)  
INFO  REPORT: Save succeeded for: /europeo.exe (TVN_Analysis:/europeo.exe) (HeadlessAnalyzer)  
INFO  REPORT: Import succeeded (HeadlessAnalyzer)  
