====================================================================================================
FINDING TVN VTABLES USING TYPEINFO ADDRESSES
====================================================================================================

Binary: DOCS/europeo.exe
Structures to search: 17
Search strategy: ±2000 bytes from TYPEINFO

Binary loaded: 868352 bytes

PE sections parsed: 9 sections


====================================================================================================
SEARCHING: TVNFileNameParms
====================================================================================================
  TYPEINFO @ 0x0040F3CE
  ❌ No vtables found near TYPEINFO

====================================================================================================
SEARCHING: TVNEventCommand
====================================================================================================
  TYPEINFO @ 0x0040F51E
  ❌ No vtables found near TYPEINFO

====================================================================================================
SEARCHING: TVNVariable
====================================================================================================
  TYPEINFO @ 0x004067B8
  ❌ No vtables found near TYPEINFO

====================================================================================================
SEARCHING: TVNScene
====================================================================================================
  TYPEINFO @ 0x004179AE
  ✅ FOUND 1 unique vtable(s):
     0x00417B52 - 2 methods - 420 bytes after TYPEINFO

====================================================================================================
SEARCHING: TVNToolBar
====================================================================================================
  TYPEINFO @ 0x00435901
  ❌ No vtables found near TYPEINFO

====================================================================================================
SEARCHING: TVNWindow
====================================================================================================
  TYPEINFO @ 0x00435921
  ❌ No vtables found near TYPEINFO

====================================================================================================
SEARCHING: TVNApplication
====================================================================================================
  TYPEINFO @ 0x00438A7A
  ❌ No vtables found near TYPEINFO

====================================================================================================
SEARCHING: TVNAviMedia
====================================================================================================
  TYPEINFO @ 0x00435953
  ❌ No vtables found near TYPEINFO

====================================================================================================
SEARCHING: TVNWaveMedia
====================================================================================================
  TYPEINFO @ 0x0041C51D
  ❌ No vtables found near TYPEINFO

====================================================================================================
SEARCHING: TVNMidiMedia
====================================================================================================
  TYPEINFO @ 0x0041C590
  ❌ No vtables found near TYPEINFO

====================================================================================================
SEARCHING: TVNCDAMedia
====================================================================================================
  TYPEINFO @ 0x00435939
  ❌ No vtables found near TYPEINFO

====================================================================================================
SEARCHING: TVNBitmap
====================================================================================================
  TYPEINFO @ 0x0041E5FC
  ❌ No vtables found near TYPEINFO

====================================================================================================
SEARCHING: TVNGdiObject
====================================================================================================
  TYPEINFO @ 0x0041E673
  ❌ No vtables found near TYPEINFO

====================================================================================================
SEARCHING: TVNHtmlText
====================================================================================================
  TYPEINFO @ 0x004231F0
  ❌ No vtables found near TYPEINFO

====================================================================================================
SEARCHING: TVNBmpImg
====================================================================================================
  TYPEINFO @ 0x004358CF
  ❌ No vtables found near TYPEINFO

====================================================================================================
SEARCHING: TVNImageObject
====================================================================================================
  TYPEINFO @ 0x0042A40B
  ✅ FOUND 1 unique vtable(s):
     0x0042A517 - 2 methods - 268 bytes after TYPEINFO

====================================================================================================
SEARCHING: TVNTextObject
====================================================================================================
  TYPEINFO @ 0x0042A448
  ✅ FOUND 2 unique vtable(s):
     0x0042A380 - 2 methods - 200 bytes before TYPEINFO
     0x0042A3D0 - 2 methods - 120 bytes before TYPEINFO

====================================================================================================
SEARCH COMPLETE
====================================================================================================

Structures searched: 17
Structures with vtables found: 3
Total vtables found: 4


✓ Results saved to VTABLES_FROM_TYPEINFO.md

✓ Done! Check VTABLES_FROM_TYPEINFO.md for results.
