================================================================================
COMPLETE VTABLE EXTRACTION FOR 18 TVN STRUCTURES
================================================================================


================================================================================
TVNApplication @ 0x00438A7A
================================================================================
  ✓ Found 2 vtable(s):

  Vtable #1 @ 0x0043A02C
  Distance from TYPEINFO: +5554 bytes
  Methods: 4
  Method pointers:
    [ 0] 0x0044EB8C
    [ 1] 0x0044EBC8
    [ 2] 0x0044EBC8
    [ 3] 0x0044EBFE

  Vtable #2 @ 0x0043A044
  Distance from TYPEINFO: +5578 bytes
  Methods: 3
  Method pointers:
    [ 0] 0x00401158
    [ 1] 0x00403658
    [ 2] 0x00403684

================================================================================
TVNAviMedia @ 0x00435953
================================================================================
  ✗ No vtables found

================================================================================
TVNBitmap @ 0x0041E5FC
================================================================================
  ✗ No vtables found

================================================================================
TVNBmpImg @ 0x004358CF
================================================================================
  ✗ No vtables found

================================================================================
TVNCDAMedia @ 0x00435939
================================================================================
  ✗ No vtables found

================================================================================
TVNEventCommand @ 0x0040F51E
================================================================================
  ✗ No vtables found

================================================================================
TVNFileNameParms @ 0x0040F3CE
================================================================================
  ✗ No vtables found

================================================================================
TVNGdiObject @ 0x0041E673
================================================================================
  ✗ No vtables found

================================================================================
TVNHtmlText @ 0x004231F0
================================================================================
  ✗ No vtables found

================================================================================
TVNImageObject @ 0x0042A40B
================================================================================
  ✗ No vtables found

================================================================================
TVNMidiMedia @ 0x0041C590
================================================================================
  ✓ Found 1 vtable(s):

  Vtable #1 @ 0x0041AAB8
  Distance from TYPEINFO: -6872 bytes
  Methods: 4
  Method pointers:
    [ 0] 0x00439474
    [ 1] 0x00480001
    [ 2] 0x00434454
    [ 3] 0x004142DE

================================================================================
TVNScene @ 0x004179AE
================================================================================
  ✗ No vtables found

================================================================================
TVNTextObject @ 0x0042A448
================================================================================
  ✗ No vtables found

================================================================================
TVNToolBar @ 0x00435901
================================================================================
  ✗ No vtables found

================================================================================
TVNVariable @ 0x004067B8
================================================================================
  ✗ No vtables found

================================================================================
TVNWaveMedia @ 0x0041C51D
================================================================================
  ✓ Found 1 vtable(s):

  Vtable #1 @ 0x0041AAB8
  Distance from TYPEINFO: -6757 bytes
  Methods: 4
  Method pointers:
    [ 0] 0x00439474
    [ 1] 0x00480001
    [ 2] 0x00434454
    [ 3] 0x004142DE

================================================================================
TVNWindow @ 0x00435921
================================================================================
  ✗ No vtables found


================================================================================
SUMMARY
================================================================================

Structure               TYPEINFO    Vtables  Methods
--------------------------------------------------------------------------------
TVNApplication          0x00438A7A   2        7
TVNAviMedia             0x00435953  ✗       -
TVNBitmap               0x0041E5FC  ✗       -
TVNBmpImg               0x004358CF  ✗       -
TVNCDAMedia             0x00435939  ✗       -
TVNEventCommand         0x0040F51E  ✗       -
TVNFileNameParms        0x0040F3CE  ✗       -
TVNGdiObject            0x0041E673  ✗       -
TVNHtmlText             0x004231F0  ✗       -
TVNImageObject          0x0042A40B  ✗       -
TVNMidiMedia            0x0041C590   1        4
TVNScene                0x004179AE  ✗       -
TVNTextObject           0x0042A448  ✗       -
TVNToolBar              0x00435901  ✗       -
TVNVariable             0x004067B8  ✗       -
TVNWaveMedia            0x0041C51D   1        4
TVNWindow               0x00435921  ✗       -

✓ Report saved to COMPLETE_VTABLES.md

